<?xml version="1.0" encoding="utf-8"?><testsuites name="pytest tests"><testsuite name="pytest" errors="0" failures="1" skipped="1" tests="255" time="409.835" timestamp="2026-02-28T20:17:46.932776+01:00" hostname="16DI32"><testcase classname="tests.codes.test_secondary_elements_cantilever" name="test_cantilever_structure_placeholder" time="0.001" /><testcase classname="tests.codes.test_secondary_elements_chimney" name="test_chimney_placeholder" time="0.000" /><testcase classname="tests.codes.test_secondary_elements_partition" name="test_partition_placeholder" time="0.000" /><testcase classname="tests.codes.test_secondary_elements_signage" name="test_signage_placeholder" time="0.000" /><testcase classname="tests.codes.test_vrdc_no_stirrups" name="test_vrdc_no_stirrups_contract" time="0.000" /><testcase classname="tests.codes.test_vrdc_no_stirrups" name="test_vrdc_no_stirrups_golden_case" time="0.000"><skipped type="pytest.skip" message="golden fixtures missing; TODO: add authoritative fixtures">C:\Users\danca\workspaces\RD2229\tests\codes\test_vrdc_no_stirrups.py:12: golden fixtures missing; TODO: add authoritative fixtures</skipped></testcase><testcase classname="tests.gui.test_norm_selector" name="test_norm_selector_lists_codes" time="0.000" /><testcase classname="tests.gui.test_secondary_editor" name="test_editor_schema_and_serialization" time="0.000" /><testcase classname="tests.integration.test_gui_verification_flow" name="test_flow_placeholder" time="0.000" /><testcase classname="tests.rd2229_39.test_configurable_factor" name="test_custom_sussultory_factor_affects_forces_and_trace" time="0.000" /><testcase classname="tests.rd2229_39.test_ondulatory_sussultory_relation" name="test_sussultory_is_125_percent_of_ondulatory" time="0.000" /><testcase classname="tests.rd2229_39.test_p_from_table" name="test_p_resolved_from_table" time="0.009" /><testcase classname="tests.rd2229_39.test_trace_presence" name="test_trace_present_for_components" time="0.000" /><testcase classname="tests.test_adapter_and_properties" name="test_section_properties_match_legacy[RectangularSection-kwargs0]" time="0.002" /><testcase classname="tests.test_adapter_and_properties" name="test_section_properties_match_legacy[CircularSection-kwargs1]" time="0.010" /><testcase classname="tests.test_adapter_and_properties" name="test_section_properties_match_legacy[TSection-kwargs2]" time="0.005" /><testcase classname="tests.test_adapter_and_properties" name="test_section_properties_match_legacy[InvertedTSection-kwargs3]" time="0.002" /><testcase classname="tests.test_adapter_and_properties" name="test_section_properties_match_legacy[ISection-kwargs4]" time="0.002" /><testcase classname="tests.test_adapter_and_properties" name="test_section_properties_match_legacy[CSection-kwargs5]" time="0.002" /><testcase classname="tests.test_adapter_and_properties" name="test_section_properties_match_legacy[LSection-kwargs6]" time="0.002" /><testcase classname="tests.test_adapter_and_properties" name="test_section_properties_match_legacy[RectangularHollowSection-kwargs7]" time="0.002" /><testcase classname="tests.test_adapter_and_properties" name="test_section_properties_match_legacy[CircularHollowSection-kwargs8]" time="0.012" /><testcase classname="tests.test_adapter_and_properties" name="test_section_properties_match_legacy[VSection-kwargs9]" time="0.001" /><testcase classname="tests.test_adapter_and_properties" name="test_section_properties_match_legacy[InvertedVSection-kwargs10]" time="0.001" /><testcase classname="tests.test_adapter_and_properties" name="test_adaptor_returns_nontrivial_geometry" time="0.000" /><testcase classname="tests.test_app_launch" name="test_app_launch" time="0.001" /><testcase classname="tests.test_area_calculations.TestAreaRectangular" name="test_nominal_case" time="0.000" /><testcase classname="tests.test_area_calculations.TestAreaRectangular" name="test_missing_width" time="0.000" /><testcase classname="tests.test_area_calculations.TestAreaRectangular" name="test_missing_height" time="0.000" /><testcase classname="tests.test_area_calculations.TestAreaRectangular" name="test_empty_dimensions" time="0.000" /><testcase classname="tests.test_area_calculations.TestAreaRectangular" name="test_non_numeric_values" time="0.000" /><testcase classname="tests.test_area_calculations.TestAreaCircular" name="test_nominal_case" time="0.000" /><testcase classname="tests.test_area_calculations.TestAreaCircular" name="test_missing_diameter" time="0.000" /><testcase classname="tests.test_area_calculations.TestAreaCircular" name="test_non_numeric_diameter" time="0.000" /><testcase classname="tests.test_area_calculations.TestAreaCircularHollow" name="test_nominal_case" time="0.000" /><testcase classname="tests.test_area_calculations.TestAreaCircularHollow" name="test_thickness_too_large" time="0.000" /><testcase classname="tests.test_area_calculations.TestAreaCircularHollow" name="test_missing_outer_diameter" time="0.000" /><testcase classname="tests.test_area_calculations.TestAreaCircularHollow" name="test_non_numeric_values" time="0.000" /><testcase classname="tests.test_area_calculations.TestAreaRectangularHollow" name="test_nominal_case" time="0.000" /><testcase classname="tests.test_area_calculations.TestAreaRectangularHollow" name="test_thickness_too_large" time="0.000" /><testcase classname="tests.test_area_calculations.TestAreaRectangularHollow" name="test_missing_dimensions" time="0.000" /><testcase classname="tests.test_area_calculations.TestAreaRectangularHollow" name="test_non_numeric_values" time="0.000" /><testcase classname="tests.test_area_calculations.TestAreaTSection" name="test_nominal_case" time="0.000" /><testcase classname="tests.test_area_calculations.TestAreaTSection" name="test_missing_dimensions" time="0.000" /><testcase classname="tests.test_area_calculations.TestAreaTSection" name="test_non_numeric_values" time="0.000" /><testcase classname="tests.test_area_calculations.TestAreaISection" name="test_nominal_case" time="0.000" /><testcase classname="tests.test_area_calculations.TestAreaISection" name="test_missing_dimensions" time="0.000" /><testcase classname="tests.test_area_calculations.TestAreaISection" name="test_non_numeric_values" time="0.000" /><testcase classname="tests.test_area_calculations.TestAreaLSection" name="test_nominal_case" time="0.000" /><testcase classname="tests.test_area_calculations.TestAreaLSection" name="test_missing_dimensions" time="0.000" /><testcase classname="tests.test_area_calculations.TestAreaLSection" name="test_non_numeric_values" time="0.000" /><testcase classname="tests.test_area_calculations.TestAreaCSection" name="test_nominal_case" time="0.000" /><testcase classname="tests.test_area_calculations.TestAreaCSection" name="test_thickness_too_large" time="0.000" /><testcase classname="tests.test_area_calculations.TestAreaCSection" name="test_missing_dimensions" time="0.000" /><testcase classname="tests.test_area_calculations.TestAreaCSection" name="test_non_numeric_values" time="0.000" /><testcase classname="tests.test_area_calculations.TestComputeShearAreas" name="test_supported_type_case_insensitive" time="0.000" /><testcase classname="tests.test_area_calculations.TestComputeShearAreas" name="test_apply_kappa_from_attributes" time="0.000" /><testcase classname="tests.test_area_calculations.TestComputeShearAreas" name="test_apply_default_kappa_from_method" time="0.000" /><testcase classname="tests.test_area_calculations.TestComputeShearAreas" name="test_section_none" time="0.000" /><testcase classname="tests.test_area_calculations.TestComputeShearAreas" name="test_unsupported_type_with_properties_area" time="0.000" /><testcase classname="tests.test_area_calculations.TestComputeShearAreas" name="test_unsupported_type_without_area" time="0.000" /><testcase classname="tests.test_area_calculations.TestComputeShearAreas" name="test_supported_type_empty_dimensions" time="0.000" /><testcase classname="tests.test_area_calculations.TestValidationNumerica" name="test_esercizio_1_rettangolo_A1" time="0.000" /><testcase classname="tests.test_area_calculations.TestValidationNumerica" name="test_esercizio_1_rettangolo_A2" time="0.000" /><testcase classname="tests.test_area_calculations.TestValidationNumerica" name="test_esercizio_1_somma_aree" time="0.000" /><testcase classname="tests.test_area_calculations.TestValidationNumerica" name="test_esercizio_2_piastra_rettangolare_A3" time="0.000" /><testcase classname="tests.test_area_calculations.TestValidationNumerica" name="test_esercizio_2_piastra_via_compute_shear_areas" time="0.000" /><testcase classname="tests.test_area_calculations.TestValidationNumerica" name="test_esercizio_2_profilato_T_fallback_A1" time="0.000" /><testcase classname="tests.test_area_calculations.TestValidationNumerica" name="test_esercizio_2_profilato_T_fallback_A2" time="0.000" /><testcase classname="tests.test_area_calculations.TestValidationNumerica" name="test_esercizio_2_somma_totale" time="0.000" /><testcase classname="tests.test_area_calculations.TestValidationNumerica" name="test_esercizio_3_quadrato" time="0.000" /><testcase classname="tests.test_area_calculations.TestValidationNumerica" name="test_esercizio_3_foro_circolare" time="0.000" /><testcase classname="tests.test_area_calculations.TestValidationNumerica" name="test_esercizio_3_area_netta" time="0.000" /><testcase classname="tests.test_area_calculations.TestValidationNumerica" name="test_esercizio_4_composizione_rettangoli_A1" time="0.000" /><testcase classname="tests.test_area_calculations.TestValidationNumerica" name="test_esercizio_4_composizione_rettangoli_A2" time="0.000" /><testcase classname="tests.test_area_calculations.TestValidationNumerica" name="test_esercizio_4_somma_rettangoli" time="0.000" /><testcase classname="tests.test_area_calculations.TestValidationNumerica" name="test_esercizio_4_sezione_L_semplificata" time="0.000" /><testcase classname="tests.test_area_calculations.TestValidationNumerica" name="test_esercizio_5_quadrato" time="0.000" /><testcase classname="tests.test_area_calculations.TestValidationNumerica" name="test_esercizio_5_foro_circolare" time="0.000" /><testcase classname="tests.test_area_calculations.TestValidationNumerica" name="test_esercizio_5_area_netta" time="0.000" /><testcase classname="tests.test_background_executor" name="test_background_executor_callbacks_are_scheduled" time="0.001" /><testcase classname="tests.test_cli_new" name="test_cli_help" time="0.208" /><testcase classname="tests.test_cli_new" name="test_cli_info" time="0.002" /><testcase classname="tests.test_cli_new" name="test_cli_run_missing_project" time="0.002" /><testcase classname="tests.test_cli_new" name="test_cli_export_missing_args" time="0.002" /><testcase classname="tests.test_cli_new" name="test_cli_default_command" time="0.000" /><testcase classname="tests.test_comprehensive" name="test_all_section_types" time="0.001" /><testcase classname="tests.test_comprehensive" name="test_csv_roundtrip" time="0.003" /><testcase classname="tests.test_comprehensive" name="test_area_calculations" time="0.001" /><testcase classname="tests.test_core_and_graphics" name="test_core_polygon_inside_and_smaller" time="0.001" /><testcase classname="tests.test_core_and_graphics" name="test_graphics_draws_items" time="0.086" /><testcase classname="tests.test_core_improved" name="test_point_in_polygon_basic" time="0.000" /><testcase classname="tests.test_core_improved" name="test_core_scaling_inside_and_not_in_hole" time="0.001" /><testcase classname="tests.test_core_selection_scoring" name="test_core_selection_prefers_compact_candidate" time="0.001" /><testcase classname="tests.test_crud_operations.TestCreateSection" name="test_add_section_returns_true" time="0.086" /><testcase classname="tests.test_crud_operations.TestCreateSection" name="test_add_section_persisted" time="0.084" /><testcase classname="tests.test_crud_operations.TestCreateSection" name="test_add_section_computes_properties" time="0.084" /><testcase classname="tests.test_crud_operations.TestCreateSection" name="test_add_duplicate_returns_false" time="0.085" /><testcase classname="tests.test_crud_operations.TestCreateSection" name="test_add_emits_event" time="0.084" /><testcase classname="tests.test_crud_operations.TestUpdateSection" name="test_update_changes_properties" time="0.096" /><testcase classname="tests.test_crud_operations.TestUpdateSection" name="test_update_preserves_id" time="0.087" /><testcase classname="tests.test_crud_operations.TestUpdateSection" name="test_update_nonexistent_raises" time="0.085" /><testcase classname="tests.test_crud_operations.TestUpdateSection" name="test_update_duplicate_key_raises" time="0.092" /><testcase classname="tests.test_crud_operations.TestUpdateSection" name="test_update_emits_event" time="0.092" /><testcase classname="tests.test_crud_operations.TestDeleteSection" name="test_delete_returns_true" time="0.093" /><testcase classname="tests.test_crud_operations.TestDeleteSection" name="test_delete_removes_section" time="0.094" /><testcase classname="tests.test_crud_operations.TestDeleteSection" name="test_delete_nonexistent_returns_false" time="0.088" /><testcase classname="tests.test_crud_operations.TestDeleteSection" name="test_delete_emits_event" time="0.092" /><testcase classname="tests.test_crud_operations.TestDeleteSection" name="test_delete_persisted_after_reload" time="0.134" /><testcase classname="tests.test_crud_operations.TestPersistence" name="test_save_and_reload" time="0.097" /><testcase classname="tests.test_crud_operations.TestPersistence" name="test_logical_key_preserved_after_reload" time="0.101" /><testcase classname="tests.test_csv_io" name="test_export_import_csv_roundtrip" time="0.005" /><testcase classname="tests.test_dm96_checks" name="test_dm96_templates_registered" time="0.001" /><testcase classname="tests.test_dm96_checks" name="test_dm96_template_ids" time="0.001" /><testcase classname="tests.test_dm96_checks" name="test_dm96_templates_norm_code" time="0.001" /><testcase classname="tests.test_dm96_checks" name="test_get_dm96_allowable_stresses_from_dm92" time="0.000" /><testcase classname="tests.test_dm96_checks" name="test_get_dm96_allowable_stresses_from_fck" time="0.001" /><testcase classname="tests.test_dm96_checks" name="test_flessione_ta_dm96_ok" time="0.001" /><testcase classname="tests.test_dm96_checks" name="test_flessione_ta_dm96_non_ok" time="0.001" /><testcase classname="tests.test_dm96_checks" name="test_pressoflessione_ta_dm96" time="0.001" /><testcase classname="tests.test_dm96_checks" name="test_taglio_ta_dm96" time="0.001" /><testcase classname="tests.test_dm96_checks" name="test_minimi_armatura_ta_dm96" time="0.001" /><testcase classname="tests.test_dm96_checks" name="test_flessione_slu_dm96_ok" time="0.000" /><testcase classname="tests.test_dm96_checks" name="test_flessione_slu_dm96_non_ok" time="0.000" /><testcase classname="tests.test_dm96_checks" name="test_flessione_slu_dm96_gamma_c_16" time="0.000" /><testcase classname="tests.test_dm96_checks" name="test_taglio_slu_dm96" time="0.000" /><testcase classname="tests.test_dm96_checks" name="test_minimi_armatura_flessione_slu_dm96" time="0.000" /><testcase classname="tests.test_dm96_checks" name="test_minimi_armatura_taglio_slu_dm96" time="0.000" /><testcase classname="tests.test_dm96_checks" name="test_fessurazione_sle_dm96_placeholder" time="0.000" /><testcase classname="tests.test_dm96_checks" name="test_deformazioni_sle_dm96_placeholder" time="0.000" /><testcase classname="tests.test_dm96_checks" name="test_torsione_slu_dm96_placeholder" time="0.000" /><testcase classname="tests.test_dm96_checks" name="test_punzonamento_slu_dm96_placeholder" time="0.000" /><testcase classname="tests.test_dm96_checks" name="test_instabilita_slu_dm96_placeholder" time="0.001" /><testcase classname="tests.test_dm96_checks" name="test_compute_precompression_effects_placeholder" time="0.000" /><testcase classname="tests.test_dm96_checks" name="test_estimate_prestress_losses_placeholder" time="0.000" /><testcase classname="tests.test_dm96_checks" name="test_check_precompression_stresses_ta_placeholder" time="0.000" /><testcase classname="tests.test_dm96_checks" name="test_check_precompression_slu_placeholder" time="0.000" /><testcase classname="tests.test_domain_materials" name="test_get_concrete_properties_from_repo" time="0.001" /><testcase classname="tests.test_domain_materials" name="test_get_concrete_properties_fallback" time="0.001" /><testcase classname="tests.test_domain_materials" name="test_get_steel_properties_from_repo" time="0.000" /><testcase classname="tests.test_domain_materials" name="test_get_steel_properties_fallback" time="0.001" /><testcase classname="tests.test_domain_sections" name="test_get_section_geometry_with_section" time="0.000" /><testcase classname="tests.test_domain_sections" name="test_get_section_geometry_fallback" time="0.001" /><testcase classname="tests.test_entrypoint_no_pyside" name="test_entrypoint_graceful_no_pyside" time="0.001" /><testcase classname="tests.test_fire_checks" name="test_fire_templates_registered" time="0.001" /><testcase classname="tests.test_fire_checks" name="test_fire_templates_ids" time="0.000" /><testcase classname="tests.test_fire_checks" name="test_fire_templates_norm_code" time="0.000" /><testcase classname="tests.test_fire_checks" name="test_fire_templates_limit_state" time="0.000" /><testcase classname="tests.test_fire_checks" name="test_fire_config_defaults" time="0.000" /><testcase classname="tests.test_fire_checks" name="test_fire_config_custom" time="0.000" /><testcase classname="tests.test_fire_checks" name="test_fire_beam_rc_placeholder" time="0.000" /><testcase classname="tests.test_fire_checks" name="test_fire_column_rc_placeholder" time="0.000" /><testcase classname="tests.test_fire_checks" name="test_fire_slab_rc_placeholder" time="0.000" /><testcase classname="tests.test_fire_checks" name="test_fire_beam_cap_placeholder" time="0.000" /><testcase classname="tests.test_fire_checks" name="test_fire_beam_rc_missing_config" time="0.000" /><testcase classname="tests.test_fire_checks" name="test_fire_beam_rc_dict_config" time="0.001" /><testcase classname="tests.test_fire_checks" name="test_validation_fire_missing_config" time="0.000" /><testcase classname="tests.test_fire_checks" name="test_validation_fire_with_config" time="0.001" /><testcase classname="tests.test_fire_checks" name="test_validation_fire_invalid_exposed_sides" time="0.001" /><testcase classname="tests.test_fire_selection_eligibility" name="test_iso834_temperature_at_0" time="0.001" /><testcase classname="tests.test_fire_selection_eligibility" name="test_iso834_temperature_at_30" time="0.000" /><testcase classname="tests.test_fire_selection_eligibility" name="test_iso834_temperature_at_60" time="0.000" /><testcase classname="tests.test_fire_selection_eligibility" name="test_iso834_temperature_monotonic" time="0.000" /><testcase classname="tests.test_fire_selection_eligibility" name="test_iso834_temperature_negative_raises" time="0.000" /><testcase classname="tests.test_fire_selection_eligibility" name="test_iso834_profile_returns_correct_length" time="0.000" /><testcase classname="tests.test_fire_selection_eligibility" name="test_iso834_profile_starts_at_zero" time="0.000" /><testcase classname="tests.test_fire_selection_eligibility" name="test_eligibility_ok_for_valid_rc" time="0.001" /><testcase classname="tests.test_fire_selection_eligibility" name="test_eligibility_ko_unsupported_type" time="0.001" /><testcase classname="tests.test_fire_selection_eligibility" name="test_eligibility_ko_zero_width" time="0.001" /><testcase classname="tests.test_fire_selection_eligibility" name="test_eligibility_ko_no_concrete" time="0.000" /><testcase classname="tests.test_fire_selection_eligibility" name="test_eligibility_ko_no_cover" time="0.000" /><testcase classname="tests.test_fire_selection_eligibility" name="test_eligibility_ok_with_fire_override" time="0.000" /><testcase classname="tests.test_fire_selection_eligibility" name="test_rc_fire_check_ok" time="0.001" /><testcase classname="tests.test_fire_selection_eligibility" name="test_rc_fire_check_ko_small_width" time="0.001" /><testcase classname="tests.test_fire_selection_eligibility" name="test_rc_fire_check_not_verified_no_cover" time="0.001" /><testcase classname="tests.test_fire_selection_eligibility" name="test_rc_fire_check_has_metrics" time="0.001" /><testcase classname="tests.test_fire_selection_eligibility" name="test_pipeline_fire_results_in_extra" time="0.001" /><testcase classname="tests.test_fire_selection_eligibility" name="test_pipeline_fire_only_selected_elements" time="0.001" /><testcase classname="tests.test_fire_selection_eligibility" name="test_pipeline_fire_disabled_no_fire_results" time="0.001" /><testcase classname="tests.test_fire_selection_eligibility" name="test_pipeline_fire_not_eligible_skipped" time="0.001" /><testcase classname="tests.test_fire_selection_eligibility" name="test_pipeline_ok_not_affected_by_fire" time="0.002" /><testcase classname="tests.test_fire_selection_eligibility" name="test_report_includes_fire_section_when_enabled" time="0.002" /><testcase classname="tests.test_fire_selection_eligibility" name="test_report_no_fire_section_when_disabled" time="0.001" /><testcase classname="tests.test_geometry_cache" name="test_section_inertia_solid" time="0.001" /><testcase classname="tests.test_geometry_cache" name="test_section_inertia_hollow" time="0.000" /><testcase classname="tests.test_geometry_model_extra" name="test_from_rectangle_metadata_and_bbox" time="0.000" /><testcase classname="tests.test_geometry_model_extra" name="test_bounding_box_includes_holes" time="0.000" /><testcase classname="tests.test_geometry_model_extra" name="test_section_properties_defaults" time="0.000" /><testcase classname="tests.test_golden_ca_slu_nu_limits" name="test_bar_area_helper_4phi16" time="0.000" /><testcase classname="tests.test_golden_ca_slu_nu_limits" name="test_bar_area_single_phi12" time="0.000" /><testcase classname="tests.test_golden_ca_slu_nu_limits" name="test_invalid_section_dimensions" time="0.001" /><testcase classname="tests.test_golden_ca_slu_nu_limits" name="test_invalid_negative_area" time="0.001" /><testcase classname="tests.test_golden_ca_slu_nu_limits" name="test_golden_nu_max" time="0.000" /><testcase classname="tests.test_golden_ca_slu_nu_limits" name="test_golden_nu_min" time="0.000" /><testcase classname="tests.test_golden_ca_slu_nu_limits" name="test_check_axial_within_domain" time="0.001" /><testcase classname="tests.test_golden_ca_slu_nu_limits" name="test_check_axial_outside_domain_compression" time="0.000" /><testcase classname="tests.test_golden_ca_slu_nu_limits" name="test_result_properties" time="0.000" /><testcase classname="tests.test_golden_rd2229" name="test_golden_rd2229" time="0.001" /><testcase classname="tests.test_graphics_flags" name="test_draw_all_flags_affect_items" time="0.105" /><testcase classname="tests.test_hello" name="test_hello_upper" time="0.000" /><testcase classname="tests.test_lc_fc_adjustments" name="test_apply_lc_fc_lc2" time="0.000" /><testcase classname="tests.test_lc_fc_adjustments" name="test_apply_lc_fc_lc1" time="0.000" /><testcase classname="tests.test_lc_fc_adjustments" name="test_apply_lc_fc_lc3" time="0.000" /><testcase classname="tests.test_lc_fc_adjustments" name="test_apply_lc_fc_invalid_lc" time="0.000" /><testcase classname="tests.test_lc_fc_adjustments" name="test_apply_lc_fc_invalid_fc_out_of_range" time="0.000" /><testcase classname="tests.test_lc_fc_adjustments" name="test_get_typical_fc_for_lc" time="0.000" /><testcase classname="tests.test_lc_fc_adjustments" name="test_get_lc_description_it" time="0.000" /><testcase classname="tests.test_lc_fc_adjustments" name="test_design_strengths_computed" time="0.000" /><testcase classname="tests.test_logging_and_plugins" name="test_logging_and_plugin_registry" time="0.000" /><testcase classname="tests.test_main_window_gui" name="test_save_section_via_repository" time="0.189" /><testcase classname="tests.test_main_window_gui" name="test_show_graphic_creates_canvas_items" time="0.102" /><testcase classname="tests.test_material_suggestions_focus.TestMaterialSuggestionsFocus" name="test_clicking_material_suggestion_commits" time="0.466" /><testcase classname="tests.test_material_suggestions_focus.TestMaterialSuggestionsFocus" name="test_focusin_shows_suggestions_for_material_columns" time="1.132" /><testcase classname="tests.test_materials_cache" name="test_get_material_properties_cached" time="0.001" /><testcase classname="tests.test_migration" name="test_migrate_adds_schema_version" time="0.000" /><testcase classname="tests.test_migration" name="test_migrate_adds_missing_sections" time="0.000" /><testcase classname="tests.test_migration" name="test_migrate_preserves_existing_fields" time="0.000" /><testcase classname="tests.test_migration" name="test_migrate_idempotent" time="0.000" /><testcase classname="tests.test_migration" name="test_load_project_migrates_legacy_file" time="0.004" /><testcase classname="tests.test_modern_ui_nongui" name="test_project_vm_initial_state" time="0.000" /><testcase classname="tests.test_modern_ui_nongui" name="test_project_vm_new_project" time="0.000" /><testcase classname="tests.test_modern_ui_nongui" name="test_project_vm_set_project_clears_dirty" time="0.000" /><testcase classname="tests.test_modern_ui_nongui" name="test_project_vm_mark_saved_path" time="0.002" /><testcase classname="tests.test_modern_ui_nongui" name="test_project_vm_recent_files_dedup" time="0.001" /><testcase classname="tests.test_modern_ui_nongui" name="test_project_vm_recent_files_max" time="0.000" /><testcase classname="tests.test_modern_ui_nongui" name="test_project_vm_on_change_callback" time="0.000" /><testcase classname="tests.test_modern_ui_nongui" name="test_project_vm_save_load_recent" time="0.010" /><testcase classname="tests.test_modern_ui_nongui" name="test_project_vm_load_recent_missing_files" time="0.003" /><testcase classname="tests.test_modern_ui_nongui" name="test_run_vm_initial_state" time="0.000" /><testcase classname="tests.test_modern_ui_nongui" name="test_run_vm_set_running" time="0.000" /><testcase classname="tests.test_modern_ui_nongui" name="test_run_vm_set_done" time="0.000" /><testcase classname="tests.test_modern_ui_nongui" name="test_run_vm_set_error" time="0.000" /><testcase classname="tests.test_modern_ui_nongui" name="test_run_vm_on_change" time="0.000" /><testcase classname="tests.test_modern_ui_nongui" name="test_results_vm_initial_state" time="0.000" /><testcase classname="tests.test_modern_ui_nongui" name="test_results_vm_set_results" time="0.001" /><testcase classname="tests.test_modern_ui_nongui" name="test_results_vm_clear" time="0.000" /><testcase classname="tests.test_modern_ui_nongui" name="test_registry_register_and_get" time="0.000" /><testcase classname="tests.test_modern_ui_nongui" name="test_registry_dedup" time="0.000" /><testcase classname="tests.test_modern_ui_nongui" name="test_registry_order" time="0.000" /><testcase classname="tests.test_modern_ui_nongui" name="test_project_io_service_new_project" time="0.000" /><testcase classname="tests.test_modern_ui_nongui" name="test_project_io_service_save_load" time="0.005" /><testcase classname="tests.test_modern_ui_nongui" name="test_calculation_service_run" time="0.001" /><testcase classname="tests.test_modern_ui_nongui" name="test_calculation_service_export_results" time="0.003" /><testcase classname="tests.test_modern_ui_nongui" name="test_calculation_service_export_report_html" time="0.016" /><testcase classname="tests.test_module_registry" name="test_module_registered_and_launchable[project_editor]" time="0.001" /><testcase classname="tests.test_module_registry" name="test_module_registered_and_launchable[pipeline_runner]" time="0.001" /><testcase classname="tests.test_module_registry" name="test_module_registered_and_launchable[report_viewer]" time="0.001" /><testcase classname="tests.test_module_registry" name="test_module_registered_and_launchable[material_editor]" time="403.905" /><testcase classname="tests.test_module_registry" name="test_module_registered_and_launchable[code_settings]" time="0.002" /><testcase classname="tests.test_module_registry" name="test_modules_config_json_complete" time="0.001" /><testcase classname="tests.test_module_registry_refresh" name="test_refresh_modules" time="0.006" /><testcase classname="tests.test_module_selector_controller" name="test_get_available_modules" time="0.002" /><testcase classname="tests.test_module_selector_controller" name="test_select_module_valid" time="0.010" /><testcase classname="tests.test_module_selector_controller" name="test_select_module_invalid" time="0.002" /><testcase classname="tests.test_module_selector_controller" name="test_load_sections" time="0.025"><failure message="AssertionError: assert &lt;sections_app.services.repository.GeometryRepository object at 0x0000025DA30F1650&gt; is &lt;MagicMock id='2601187325472'&gt;&#10; +  where &lt;sections_app.services.repository.GeometryRepository object at 0x0000025DA30F1650&gt; = &lt;src.legacy.sections_app.ui.module_selector.ModuleSelectorController object at 0x0000025DA2A6B820&gt;.section_repo">controller = &lt;src.legacy.sections_app.ui.module_selector.ModuleSelectorController object at 0x0000025DA2A6B820&gt;
monkeypatch = &lt;_pytest.monkeypatch.MonkeyPatch object at 0x0000025DA266DBA0&gt;

    def test_load_sections(controller, monkeypatch):
        # patch CSV import to return two dummy sections
        dummy_sec = MagicMock()
        monkeypatch.setattr(
            "sections_app.ui.module_selector.CsvSectionSerializer.import_from_csv",
            lambda self, fp, **kw: [dummy_sec, dummy_sec],
        )
        # ensure GeometryRepository used inside load_sections is a mock so add_section calls are observable
        mock_repo = MagicMock()
        mock_repo.add_section = MagicMock(return_value=True)
        monkeypatch.setattr("sections_app.ui.module_selector.GeometryRepository", lambda *a, **kw: mock_repo)

        controller.load_sections("test.csv")
        # repository should be created and add_section called twice
        assert hasattr(controller, "section_repo")
&gt;       assert controller.section_repo is mock_repo
E       AssertionError: assert &lt;sections_app.services.repository.GeometryRepository object at 0x0000025DA30F1650&gt; is &lt;MagicMock id='2601187325472'&gt;
E        +  where &lt;sections_app.services.repository.GeometryRepository object at 0x0000025DA30F1650&gt; = &lt;src.legacy.sections_app.ui.module_selector.ModuleSelectorController object at 0x0000025DA2A6B820&gt;.section_repo

tests\test_module_selector_controller.py:78: AssertionError</failure></testcase></testsuite></testsuites>
